[debug] [2021-03-30T07:27:13.272Z] ----------------------------------------------------------------------
[debug] [2021-03-30T07:27:13.273Z] Command:       /Users/vishaldharmawat/.nvm/versions/node/v12.16.2/bin/node /Users/vishaldharmawat/.nvm/versions/node/v12.16.2/bin/firebase projects:list
[debug] [2021-03-30T07:27:13.274Z] CLI Version:   8.6.0
[debug] [2021-03-30T07:27:13.274Z] Platform:      darwin
[debug] [2021-03-30T07:27:13.274Z] Node Version:  v12.16.2
[debug] [2021-03-30T07:27:13.274Z] Time:          Tue Mar 30 2021 12:57:13 GMT+0530 (India Standard Time)
[debug] [2021-03-30T07:27:13.274Z] ----------------------------------------------------------------------
[debug] [2021-03-30T07:27:13.275Z] 
[debug] [2021-03-30T07:27:13.279Z] > command requires scopes: ["email","openid","https://www.googleapis.com/auth/cloudplatformprojects.readonly","https://www.googleapis.com/auth/firebase","https://www.googleapis.com/auth/cloud-platform"]
[debug] [2021-03-30T07:27:13.279Z] > authorizing via FIREBASE_TOKEN environment variable
[debug] [2021-03-30T07:27:13.283Z] > refreshing access token with scopes: ["email","openid","https://www.googleapis.com/auth/cloudplatformprojects.readonly","https://www.googleapis.com/auth/firebase","https://www.googleapis.com/auth/cloud-platform"]
[debug] [2021-03-30T07:27:13.283Z] >>> HTTP REQUEST POST https://www.googleapis.com/oauth2/v3/token  
 <request body omitted>
[debug] [2021-03-30T07:27:13.569Z] <<< HTTP RESPONSE 400 {"expires":"Mon, 01 Jan 1990 00:00:00 GMT","date":"Tue, 30 Mar 2021 07:27:13 GMT","pragma":"no-cache","cache-control":"no-cache, no-store, max-age=0, must-revalidate","content-type":"application/json; charset=utf-8","vary":"X-Origin, Referer, Origin,Accept-Encoding","server":"scaffolding on HTTPServer2","x-xss-protection":"0","x-frame-options":"SAMEORIGIN","x-content-type-options":"nosniff","alt-svc":"h3-29=\":443\"; ma=2592000,h3-T051=\":443\"; ma=2592000,h3-Q050=\":443\"; ma=2592000,h3-Q046=\":443\"; ma=2592000,h3-Q043=\":443\"; ma=2592000,quic=\":443\"; ma=2592000; v=\"46,43\"","accept-ranges":"none","transfer-encoding":"chunked"}
[debug] [2021-03-30T07:27:13.570Z] >>> HTTP REQUEST GET https://firebase.googleapis.com/v1beta1/projects?pageSize=1000  
 
[debug] [2021-03-30T07:27:14.016Z] <<< HTTP RESPONSE 401 {"www-authenticate":"Bearer realm=\"https://accounts.google.com/\", error=\"invalid_token\"","vary":"X-Origin, Referer, Origin,Accept-Encoding","content-type":"application/json; charset=UTF-8","date":"Tue, 30 Mar 2021 07:27:14 GMT","server":"ESF","cache-control":"private","x-xss-protection":"0","x-frame-options":"SAMEORIGIN","x-content-type-options":"nosniff","alt-svc":"h3-29=\":443\"; ma=2592000,h3-T051=\":443\"; ma=2592000,h3-Q050=\":443\"; ma=2592000,h3-Q046=\":443\"; ma=2592000,h3-Q043=\":443\"; ma=2592000,quic=\":443\"; ma=2592000; v=\"46,43\"","accept-ranges":"none","transfer-encoding":"chunked"}
[debug] [2021-03-30T07:27:14.016Z] <<< HTTP RESPONSE BODY {"error":{"code":401,"message":"Request had invalid authentication credentials. Expected OAuth 2 access token, login cookie or other valid authentication credential. See https://developers.google.com/identity/sign-in/web/devconsole-project.","status":"UNAUTHENTICATED"}}
[debug] [2021-03-30T07:27:14.018Z] HTTP Error: 401, Request had invalid authentication credentials. Expected OAuth 2 access token, login cookie or other valid authentication credential. See https://developers.google.com/identity/sign-in/web/devconsole-project.
[debug] [2021-03-30T07:27:14.324Z] FirebaseError: HTTP Error: 401, Request had invalid authentication credentials. Expected OAuth 2 access token, login cookie or other valid authentication credential. See https://developers.google.com/identity/sign-in/web/devconsole-project.
    at module.exports (/Users/vishaldharmawat/.nvm/versions/node/v12.16.2/lib/node_modules/firebase-tools/lib/responseToError.js:38:12)
    at Request._callback (/Users/vishaldharmawat/.nvm/versions/node/v12.16.2/lib/node_modules/firebase-tools/lib/api.js:41:35)
    at Request.self.callback (/Users/vishaldharmawat/.nvm/versions/node/v12.16.2/lib/node_modules/firebase-tools/node_modules/request/request.js:185:22)
    at Request.emit (events.js:310:20)
    at Request.EventEmitter.emit (domain.js:482:12)
    at Request.<anonymous> (/Users/vishaldharmawat/.nvm/versions/node/v12.16.2/lib/node_modules/firebase-tools/node_modules/request/request.js:1154:10)
    at Request.emit (events.js:310:20)
    at Request.EventEmitter.emit (domain.js:482:12)
    at IncomingMessage.<anonymous> (/Users/vishaldharmawat/.nvm/versions/node/v12.16.2/lib/node_modules/firebase-tools/node_modules/request/request.js:1076:12)
    at Object.onceWrapper (events.js:416:28)
    at IncomingMessage.emit (events.js:322:22)
    at IncomingMessage.EventEmitter.emit (domain.js:482:12)
    at endReadableNT (_stream_readable.js:1187:12)
    at processTicksAndRejections (internal/process/task_queues.js:84:21)
[error] 
[error] Error: Failed to list Firebase projects. See firebase-debug.log for more info.
